<?xml version="1.0" encoding="UTF-8"?>
<!-- Generated by org.testng.reporters.JUnitXMLReporter -->
<testsuite hostname="swapnil" name="Test" tests="1" failures="0" timestamp="14 Aug 2018 12:12:36 GMT" time="56.331" errors="0">
  <testcase name="@BeforeClass beforeClass" time="0.0" classname="Test.VC">
    <failure type="org.openqa.selenium.WebDriverException" message="Failed to connect to binary FirefoxBinary(/usr/bin/firefox) on port 7055; process output follows: 
34248704587	addons.manager	DEBUG	Starting provider: LightweightThemeManager
1534248704587	addons.manager	DEBUG	Registering shutdown blocker for LightweightThemeManager
1534248704587	addons.manager	DEBUG	Provider finished startup: LightweightThemeManager
1534248704588	addons.manager	DEBUG	Starting provider: GMPProvider
1534248704604	addons.manager	DEBUG	Registering shutdown blocker for GMPProvider
1534248704605	addons.manager	DEBUG	Provider finished startup: GMPProvider
1534248704605	addons.manager	DEBUG	Starting provider: PluginProvider
1534248704605	addons.manager	DEBUG	Registering shutdown blocker for PluginProvider
1534248704606	addons.manager	DEBUG	Provider finished startup: PluginProvider
1534248704606	addons.manager	DEBUG	Completed startup sequence
1534248705919	addons.xpi	WARN	disabling legacy extension fxdriver@googlecode.com
1534248706023	addons.xpi	WARN	disabling legacy extension fxdriver@googlecode.com
1534248709672	addons.repository	DEBUG	No addons.json found.
1534248709721	addons.manager	DEBUG	Starting provider: PreviousExperimentProvider
1534248709722	addons.manager	DEBUG	Registering shutdown blocker for PreviousExperimentProvider
1534248709722	addons.manager	DEBUG	Provider finished startup: PreviousExperimentProvider
1534248709774	addons.xpi-utils	DEBUG	XPI Database saved, setting schema version preference to 24
1534248710327	addons.xpi	INFO	Mapping fxdriver@googlecode.com to /tmp/anonymous8166330652337715470webdriver-profile/extensions/fxdriver@googlecode.com
1534248710328	addons.xpi	DEBUG	Ignoring file entry whose name is not a valid add-on ID: /tmp/anonymous8166330652337715470webdriver-profile/extensions/webdriver-staging
1534248710328	addons.xpi	DEBUG	Existing add-on fxdriver@googlecode.com in app-profile
1534248710330	addons.xpi	INFO	Mapping activity-stream@mozilla.org to /usr/lib64/firefox/browser/features/activity-stream@mozilla.org.xpi
1534248710330	addons.xpi	INFO	Mapping aushelper@mozilla.org to /usr/lib64/firefox/browser/features/aushelper@mozilla.org.xpi
1534248710330	addons.xpi	INFO	Mapping firefox@getpocket.com to /usr/lib64/firefox/browser/features/firefox@getpocket.com.xpi
1534248710330	addons.xpi	INFO	Mapping followonsearch@mozilla.com to /usr/lib64/firefox/browser/features/followonsearch@mozilla.com.xpi
1534248710331	addons.xpi	INFO	Mapping formautofill@mozilla.org to /usr/lib64/firefox/browser/features/formautofill@mozilla.org.xpi
1534248710331	addons.xpi	INFO	Mapping onboarding@mozilla.org to /usr/lib64/firefox/browser/features/onboarding@mozilla.org.xpi
1534248710331	addons.xpi	INFO	Mapping screenshots@mozilla.org to /usr/lib64/firefox/browser/features/screenshots@mozilla.org.xpi
1534248710331	addons.xpi	INFO	Mapping webcompat@mozilla.org to /usr/lib64/firefox/browser/features/webcompat@mozilla.org.xpi
1534248710332	addons.xpi	DEBUG	Existing add-on activity-stream@mozilla.org in app-system-defaults
1534248710333	addons.xpi	WARN	Can&amp;apos;t get modified time of /usr/lib64/firefox/browser/features/aushelper@mozilla.org.xpi
1534248710333	addons.xpi	DEBUG	Existing add-on aushelper@mozilla.org in app-system-defaults
1534248710333	addons.xpi	DEBUG	Existing add-on firefox@getpocket.com in app-system-defaults
1534248710334	addons.xpi	DEBUG	Existing add-on followonsearch@mozilla.com in app-system-defaults
1534248710334	addons.xpi	DEBUG	Existing add-on formautofill@mozilla.org in app-system-defaults
1534248710335	addons.xpi	DEBUG	Existing add-on onboarding@mozilla.org in app-system-defaults
1534248710335	addons.xpi	DEBUG	Existing add-on screenshots@mozilla.org in app-system-defaults
1534248710336	addons.xpi	DEBUG	Existing add-on webcompat@mozilla.org in app-system-defaults
1534248710336	addons.xpi	INFO	Mapping {972ce4c6-7e08-4474-a285-3208198ce6fd} to /usr/lib64/firefox/browser/extensions/{972ce4c6-7e08-4474-a285-3208198ce6fd}.xpi
1534248710337	addons.xpi	DEBUG	Existing add-on {972ce4c6-7e08-4474-a285-3208198ce6fd} in app-global
1534248710338	addons.xpi	DEBUG	getInstallState changed: false, state: {}
JavaScript error: https://start.fedoraproject.org/, line 292: TypeError: $(...).uls is not a function

Build info: version: &amp;apos;2.53.1&amp;apos;, revision: &amp;apos;a36b8b1&amp;apos;, time: &amp;apos;2016-06-30 17:37:03&amp;apos;
System info: host: &amp;apos;swapnil&amp;apos;, ip: &amp;apos;127.0.0.1&amp;apos;, os.name: &amp;apos;Linux&amp;apos;, os.arch: &amp;apos;amd64&amp;apos;, os.version: &amp;apos;4.16.7-100.fc26.x86_64&amp;apos;, java.version: &amp;apos;1.8.0_171&amp;apos;
Driver info: driver.version: FirefoxDriver">
      <![CDATA[org.openqa.selenium.WebDriverException: Failed to connect to binary FirefoxBinary(/usr/bin/firefox) on port 7055; process output follows: 
34248704587	addons.manager	DEBUG	Starting provider: LightweightThemeManager
1534248704587	addons.manager	DEBUG	Registering shutdown blocker for LightweightThemeManager
1534248704587	addons.manager	DEBUG	Provider finished startup: LightweightThemeManager
1534248704588	addons.manager	DEBUG	Starting provider: GMPProvider
1534248704604	addons.manager	DEBUG	Registering shutdown blocker for GMPProvider
1534248704605	addons.manager	DEBUG	Provider finished startup: GMPProvider
1534248704605	addons.manager	DEBUG	Starting provider: PluginProvider
1534248704605	addons.manager	DEBUG	Registering shutdown blocker for PluginProvider
1534248704606	addons.manager	DEBUG	Provider finished startup: PluginProvider
1534248704606	addons.manager	DEBUG	Completed startup sequence
1534248705919	addons.xpi	WARN	disabling legacy extension fxdriver@googlecode.com
1534248706023	addons.xpi	WARN	disabling legacy extension fxdriver@googlecode.com
1534248709672	addons.repository	DEBUG	No addons.json found.
1534248709721	addons.manager	DEBUG	Starting provider: PreviousExperimentProvider
1534248709722	addons.manager	DEBUG	Registering shutdown blocker for PreviousExperimentProvider
1534248709722	addons.manager	DEBUG	Provider finished startup: PreviousExperimentProvider
1534248709774	addons.xpi-utils	DEBUG	XPI Database saved, setting schema version preference to 24
1534248710327	addons.xpi	INFO	Mapping fxdriver@googlecode.com to /tmp/anonymous8166330652337715470webdriver-profile/extensions/fxdriver@googlecode.com
1534248710328	addons.xpi	DEBUG	Ignoring file entry whose name is not a valid add-on ID: /tmp/anonymous8166330652337715470webdriver-profile/extensions/webdriver-staging
1534248710328	addons.xpi	DEBUG	Existing add-on fxdriver@googlecode.com in app-profile
1534248710330	addons.xpi	INFO	Mapping activity-stream@mozilla.org to /usr/lib64/firefox/browser/features/activity-stream@mozilla.org.xpi
1534248710330	addons.xpi	INFO	Mapping aushelper@mozilla.org to /usr/lib64/firefox/browser/features/aushelper@mozilla.org.xpi
1534248710330	addons.xpi	INFO	Mapping firefox@getpocket.com to /usr/lib64/firefox/browser/features/firefox@getpocket.com.xpi
1534248710330	addons.xpi	INFO	Mapping followonsearch@mozilla.com to /usr/lib64/firefox/browser/features/followonsearch@mozilla.com.xpi
1534248710331	addons.xpi	INFO	Mapping formautofill@mozilla.org to /usr/lib64/firefox/browser/features/formautofill@mozilla.org.xpi
1534248710331	addons.xpi	INFO	Mapping onboarding@mozilla.org to /usr/lib64/firefox/browser/features/onboarding@mozilla.org.xpi
1534248710331	addons.xpi	INFO	Mapping screenshots@mozilla.org to /usr/lib64/firefox/browser/features/screenshots@mozilla.org.xpi
1534248710331	addons.xpi	INFO	Mapping webcompat@mozilla.org to /usr/lib64/firefox/browser/features/webcompat@mozilla.org.xpi
1534248710332	addons.xpi	DEBUG	Existing add-on activity-stream@mozilla.org in app-system-defaults
1534248710333	addons.xpi	WARN	Can't get modified time of /usr/lib64/firefox/browser/features/aushelper@mozilla.org.xpi
1534248710333	addons.xpi	DEBUG	Existing add-on aushelper@mozilla.org in app-system-defaults
1534248710333	addons.xpi	DEBUG	Existing add-on firefox@getpocket.com in app-system-defaults
1534248710334	addons.xpi	DEBUG	Existing add-on followonsearch@mozilla.com in app-system-defaults
1534248710334	addons.xpi	DEBUG	Existing add-on formautofill@mozilla.org in app-system-defaults
1534248710335	addons.xpi	DEBUG	Existing add-on onboarding@mozilla.org in app-system-defaults
1534248710335	addons.xpi	DEBUG	Existing add-on screenshots@mozilla.org in app-system-defaults
1534248710336	addons.xpi	DEBUG	Existing add-on webcompat@mozilla.org in app-system-defaults
1534248710336	addons.xpi	INFO	Mapping {972ce4c6-7e08-4474-a285-3208198ce6fd} to /usr/lib64/firefox/browser/extensions/{972ce4c6-7e08-4474-a285-3208198ce6fd}.xpi
1534248710337	addons.xpi	DEBUG	Existing add-on {972ce4c6-7e08-4474-a285-3208198ce6fd} in app-global
1534248710338	addons.xpi	DEBUG	getInstallState changed: false, state: {}
JavaScript error: https://start.fedoraproject.org/, line 292: TypeError: $(...).uls is not a function

Build info: version: '2.53.1', revision: 'a36b8b1', time: '2016-06-30 17:37:03'
System info: host: 'swapnil', ip: '127.0.0.1', os.name: 'Linux', os.arch: 'amd64', os.version: '4.16.7-100.fc26.x86_64', java.version: '1.8.0_171'
Driver info: driver.version: FirefoxDriver
	at org.openqa.selenium.firefox.internal.NewProfileExtensionConnection.start(NewProfileExtensionConnection.java:124)
	at org.openqa.selenium.firefox.FirefoxDriver.startClient(FirefoxDriver.java:271)
	at org.openqa.selenium.remote.RemoteWebDriver.<init>(RemoteWebDriver.java:119)
	at org.openqa.selenium.firefox.FirefoxDriver.<init>(FirefoxDriver.java:218)
	at org.openqa.selenium.firefox.FirefoxDriver.<init>(FirefoxDriver.java:211)
	at org.openqa.selenium.firefox.FirefoxDriver.<init>(FirefoxDriver.java:207)
	at org.openqa.selenium.firefox.FirefoxDriver.<init>(FirefoxDriver.java:120)
	at Test.VC.beforeClass(VC.java:23)
Caused by: org.openqa.selenium.firefox.NotConnectedException: Unable to connect to host 127.0.0.1 on port 7055 after 45000 ms. Firefox console output:
34248704587	addons.manager	DEBUG	Starting provider: LightweightThemeManager
1534248704587	addons.manager	DEBUG	Registering shutdown blocker for LightweightThemeManager
1534248704587	addons.manager	DEBUG	Provider finished startup: LightweightThemeManager
1534248704588	addons.manager	DEBUG	Starting provider: GMPProvider
1534248704604	addons.manager	DEBUG	Registering shutdown blocker for GMPProvider
1534248704605	addons.manager	DEBUG	Provider finished startup: GMPProvider
1534248704605	addons.manager	DEBUG	Starting provider: PluginProvider
1534248704605	addons.manager	DEBUG	Registering shutdown blocker for PluginProvider
1534248704606	addons.manager	DEBUG	Provider finished startup: PluginProvider
1534248704606	addons.manager	DEBUG	Completed startup sequence
1534248705919	addons.xpi	WARN	disabling legacy extension fxdriver@googlecode.com
1534248706023	addons.xpi	WARN	disabling legacy extension fxdriver@googlecode.com
1534248709672	addons.repository	DEBUG	No addons.json found.
1534248709721	addons.manager	DEBUG	Starting provider: PreviousExperimentProvider
1534248709722	addons.manager	DEBUG	Registering shutdown blocker for PreviousExperimentProvider
1534248709722	addons.manager	DEBUG	Provider finished startup: PreviousExperimentProvider
1534248709774	addons.xpi-utils	DEBUG	XPI Database saved, setting schema version preference to 24
1534248710327	addons.xpi	INFO	Mapping fxdriver@googlecode.com to /tmp/anonymous8166330652337715470webdriver-profile/extensions/fxdriver@googlecode.com
1534248710328	addons.xpi	DEBUG	Ignoring file entry whose name is not a valid add-on ID: /tmp/anonymous8166330652337715470webdriver-profile/extensions/webdriver-staging
1534248710328	addons.xpi	DEBUG	Existing add-on fxdriver@googlecode.com in app-profile
1534248710330	addons.xpi	INFO	Mapping activity-stream@mozilla.org to /usr/lib64/firefox/browser/features/activity-stream@mozilla.org.xpi
1534248710330	addons.xpi	INFO	Mapping aushelper@mozilla.org to /usr/lib64/firefox/browser/features/aushelper@mozilla.org.xpi
1534248710330	addons.xpi	INFO	Mapping firefox@getpocket.com to /usr/lib64/firefox/browser/features/firefox@getpocket.com.xpi
1534248710330	addons.xpi	INFO	Mapping followonsearch@mozilla.com to /usr/lib64/firefox/browser/features/followonsearch@mozilla.com.xpi
1534248710331	addons.xpi	INFO	Mapping formautofill@mozilla.org to /usr/lib64/firefox/browser/features/formautofill@mozilla.org.xpi
1534248710331	addons.xpi	INFO	Mapping onboarding@mozilla.org to /usr/lib64/firefox/browser/features/onboarding@mozilla.org.xpi
1534248710331	addons.xpi	INFO	Mapping screenshots@mozilla.org to /usr/lib64/firefox/browser/features/screenshots@mozilla.org.xpi
1534248710331	addons.xpi	INFO	Mapping webcompat@mozilla.org to /usr/lib64/firefox/browser/features/webcompat@mozilla.org.xpi
1534248710332	addons.xpi	DEBUG	Existing add-on activity-stream@mozilla.org in app-system-defaults
1534248710333	addons.xpi	WARN	Can't get modified time of /usr/lib64/firefox/browser/features/aushelper@mozilla.org.xpi
1534248710333	addons.xpi	DEBUG	Existing add-on aushelper@mozilla.org in app-system-defaults
1534248710333	addons.xpi	DEBUG	Existing add-on firefox@getpocket.com in app-system-defaults
1534248710334	addons.xpi	DEBUG	Existing add-on followonsearch@mozilla.com in app-system-defaults
1534248710334	addons.xpi	DEBUG	Existing add-on formautofill@mozilla.org in app-system-defaults
1534248710335	addons.xpi	DEBUG	Existing add-on onboarding@mozilla.org in app-system-defaults
1534248710335	addons.xpi	DEBUG	Existing add-on screenshots@mozilla.org in app-system-defaults
1534248710336	addons.xpi	DEBUG	Existing add-on webcompat@mozilla.org in app-system-defaults
1534248710336	addons.xpi	INFO	Mapping {972ce4c6-7e08-4474-a285-3208198ce6fd} to /usr/lib64/firefox/browser/extensions/{972ce4c6-7e08-4474-a285-3208198ce6fd}.xpi
1534248710337	addons.xpi	DEBUG	Existing add-on {972ce4c6-7e08-4474-a285-3208198ce6fd} in app-global
1534248710338	addons.xpi	DEBUG	getInstallState changed: false, state: {}
JavaScript error: https://start.fedoraproject.org/, line 292: TypeError: $(...).uls is not a function

	at org.openqa.selenium.firefox.internal.NewProfileExtensionConnection.start(NewProfileExtensionConnection.java:112)
	... 31 more
... Removed 24 stack frames]]>
    </failure>
  </testcase> <!-- @BeforeClass beforeClass -->
  <testcase name="@AfterClass afterClass" time="0.0" classname="Test.VC">
    <skipped/>
  </testcase> <!-- @AfterClass afterClass -->
  <testcase name="Test123" time="0.002" classname="Test.VC">
    <skipped/>
  </testcase> <!-- Test123 -->
</testsuite> <!-- Test -->
