<?xml version="1.0" encoding="UTF-8"?>
<!-- Generated by org.testng.reporters.JUnitXMLReporter -->
<testsuite hostname="swapnil" name="Test" tests="3" failures="2" timestamp="16 Aug 2018 12:22:43 GMT" time="199.471" errors="0">
  <testcase name="vwLogin" time="132.224" classname="Test.NewTest">
    <failure type="org.openqa.selenium.NoSuchElementException" message="Unable to locate element: //div[contains(@class,&amp;apos;x-box-layout-c&amp;apos;)]//span[text()=&amp;apos;OK&amp;apos;]
For documentation on this error, please visit: http://seleniumhq.org/exceptions/no_such_element.html
Build info: version: &amp;apos;3.13.0&amp;apos;, revision: &amp;apos;2f0d292&amp;apos;, time: &amp;apos;2018-06-25T15:32:19.891Z&amp;apos;
System info: host: &amp;apos;swapnil&amp;apos;, ip: &amp;apos;127.0.0.1&amp;apos;, os.name: &amp;apos;Linux&amp;apos;, os.arch: &amp;apos;amd64&amp;apos;, os.version: &amp;apos;4.16.7-100.fc26.x86_64&amp;apos;, java.version: &amp;apos;1.8.0_171&amp;apos;
Driver info: org.openqa.selenium.firefox.FirefoxDriver
Capabilities {acceptInsecureCerts: true, browserName: firefox, browserVersion: 60.0, javascriptEnabled: true, moz:accessibilityChecks: false, moz:headless: false, moz:processID: 22134, moz:profile: /tmp/rust_mozprofile.NoZGyC..., moz:useNonSpecCompliantPointerOrigin: false, moz:webdriverClick: true, pageLoadStrategy: normal, platform: LINUX, platformName: LINUX, platformVersion: 4.16.7-100.fc26.x86_64, rotatable: false, timeouts: {implicit: 0, pageLoad: 300000, script: 30000}}
Session ID: 8489f4ec-f62a-461b-8f36-81e9cad3d7b3
*** Element info: {Using=xpath, value=//div[contains(@class,&amp;apos;x-box-layout-c&amp;apos;)]//span[text()=&amp;apos;OK&amp;apos;]}">
      <![CDATA[org.openqa.selenium.NoSuchElementException: Unable to locate element: //div[contains(@class,'x-box-layout-c')]//span[text()='OK']
For documentation on this error, please visit: http://seleniumhq.org/exceptions/no_such_element.html
Build info: version: '3.13.0', revision: '2f0d292', time: '2018-06-25T15:32:19.891Z'
System info: host: 'swapnil', ip: '127.0.0.1', os.name: 'Linux', os.arch: 'amd64', os.version: '4.16.7-100.fc26.x86_64', java.version: '1.8.0_171'
Driver info: org.openqa.selenium.firefox.FirefoxDriver
Capabilities {acceptInsecureCerts: true, browserName: firefox, browserVersion: 60.0, javascriptEnabled: true, moz:accessibilityChecks: false, moz:headless: false, moz:processID: 22134, moz:profile: /tmp/rust_mozprofile.NoZGyC..., moz:useNonSpecCompliantPointerOrigin: false, moz:webdriverClick: true, pageLoadStrategy: normal, platform: LINUX, platformName: LINUX, platformVersion: 4.16.7-100.fc26.x86_64, rotatable: false, timeouts: {implicit: 0, pageLoad: 300000, script: 30000}}
Session ID: 8489f4ec-f62a-461b-8f36-81e9cad3d7b3
*** Element info: {Using=xpath, value=//div[contains(@class,'x-box-layout-c')]//span[text()='OK']}
	at org.openqa.selenium.remote.http.W3CHttpResponseCodec.createException(W3CHttpResponseCodec.java:187)
	at org.openqa.selenium.remote.http.W3CHttpResponseCodec.decode(W3CHttpResponseCodec.java:122)
	at org.openqa.selenium.remote.http.W3CHttpResponseCodec.decode(W3CHttpResponseCodec.java:49)
	at org.openqa.selenium.remote.HttpCommandExecutor.execute(HttpCommandExecutor.java:158)
	at org.openqa.selenium.remote.service.DriverCommandExecutor.execute(DriverCommandExecutor.java:83)
	at org.openqa.selenium.remote.RemoteWebDriver.execute(RemoteWebDriver.java:548)
	at org.openqa.selenium.remote.RemoteWebDriver.findElement(RemoteWebDriver.java:322)
	at org.openqa.selenium.remote.RemoteWebDriver.findElementByXPath(RemoteWebDriver.java:424)
	at org.openqa.selenium.By$ByXPath.findElement(By.java:353)
	at org.openqa.selenium.remote.RemoteWebDriver.findElement(RemoteWebDriver.java:314)
	at Test.NewTest.vwLogin(NewTest.java:55)
... Removed 28 stack frames]]>
    </failure>
  </testcase> <!-- vwLogin -->
  <testcase name="addHyperV" time="37.201" classname="Test.NewTest">
    <failure type="java.io.FileNotFoundException" message="/root/swapnilVC.xls (No such file or directory)">
      <![CDATA[java.io.FileNotFoundException: /root/swapnilVC.xls (No such file or directory)
	at java.io.FileInputStream.open0(Native Method)
	at java.io.FileInputStream.open(FileInputStream.java:195)
	at java.io.FileInputStream.<init>(FileInputStream.java:138)
	at java.io.FileInputStream.<init>(FileInputStream.java:93)
	at main.ExcelApiTest.<init>(ExcelApiTest.java:36)
	at Test.NewTest.fillHyperv(NewTest.java:115)
	at Test.NewTest.addHyperV(NewTest.java:103)
... Removed 24 stack frames]]>
    </failure>
  </testcase> <!-- addHyperV -->
  <testcase name="Test123" time="0.001" classname="Test.VC"/>
</testsuite> <!-- Test -->
